-------------------------------------------------------------------------------
Test set: com.microlend.service.AuthServiceTest
-------------------------------------------------------------------------------
Tests run: 10, Failures: 0, Errors: 4, Skipped: 0, Time elapsed: 1.581 s <<< FAILURE! -- in com.microlend.service.AuthServiceTest
com.microlend.service.AuthServiceTest.register_branchManagerTriesBranchManagerRole_throwsSecurityException -- Time elapsed: 0.065 s <<< ERROR!
org.mockito.exceptions.misusing.UnnecessaryStubbingException: 

Unnecessary stubbings detected.
Clean & maintainable test code requires zero unnecessary code.
Following stubbings are unnecessary (click to navigate to relevant line of code):
  1. -> at com.microlend.service.AuthServiceTest.setSecurityContextAs(AuthServiceTest.java:68)
  2. -> at com.microlend.service.AuthServiceTest.register_branchManagerTriesBranchManagerRole_throwsSecurityException(AuthServiceTest.java:148)
Please remove unnecessary stubbings or use 'lenient' strictness. More info: javadoc for UnnecessaryStubbingException class.
	at org.mockito.junit.jupiter.MockitoExtension.afterEach(MockitoExtension.java:192)
	at java.base/java.util.ArrayList.forEach(ArrayList.java:1596)
	at java.base/java.util.ArrayList.forEach(ArrayList.java:1596)

com.microlend.service.AuthServiceTest.register_adminCanRegisterAnyRole_success -- Time elapsed: 0.039 s <<< ERROR!
org.mockito.exceptions.misusing.UnnecessaryStubbingException: 

Unnecessary stubbings detected.
Clean & maintainable test code requires zero unnecessary code.
Following stubbings are unnecessary (click to navigate to relevant line of code):
  1. -> at com.microlend.service.AuthServiceTest.setSecurityContextAs(AuthServiceTest.java:68)
Please remove unnecessary stubbings or use 'lenient' strictness. More info: javadoc for UnnecessaryStubbingException class.
	at org.mockito.junit.jupiter.MockitoExtension.afterEach(MockitoExtension.java:192)
	at java.base/java.util.ArrayList.forEach(ArrayList.java:1596)
	at java.base/java.util.ArrayList.forEach(ArrayList.java:1596)

com.microlend.service.AuthServiceTest.register_duplicateEmail_throwsBadRequest -- Time elapsed: 0.029 s <<< ERROR!
org.mockito.exceptions.misusing.UnnecessaryStubbingException: 

Unnecessary stubbings detected.
Clean & maintainable test code requires zero unnecessary code.
Following stubbings are unnecessary (click to navigate to relevant line of code):
  1. -> at com.microlend.service.AuthServiceTest.setSecurityContextAs(AuthServiceTest.java:66)
  2. -> at com.microlend.service.AuthServiceTest.setSecurityContextAs(AuthServiceTest.java:68)
  3. -> at com.microlend.service.AuthServiceTest.setSecurityContextAs(AuthServiceTest.java:70)
Please remove unnecessary stubbings or use 'lenient' strictness. More info: javadoc for UnnecessaryStubbingException class.
	at org.mockito.junit.jupiter.MockitoExtension.afterEach(MockitoExtension.java:192)
	at java.base/java.util.ArrayList.forEach(ArrayList.java:1596)
	at java.base/java.util.ArrayList.forEach(ArrayList.java:1596)

com.microlend.service.AuthServiceTest.register_branchManagerTriesAdminRole_throwsSecurityException -- Time elapsed: 0.009 s <<< ERROR!
org.mockito.exceptions.misusing.UnnecessaryStubbingException: 

Unnecessary stubbings detected.
Clean & maintainable test code requires zero unnecessary code.
Following stubbings are unnecessary (click to navigate to relevant line of code):
  1. -> at com.microlend.service.AuthServiceTest.setSecurityContextAs(AuthServiceTest.java:68)
  2. -> at com.microlend.service.AuthServiceTest.register_branchManagerTriesAdminRole_throwsSecurityException(AuthServiceTest.java:133)
Please remove unnecessary stubbings or use 'lenient' strictness. More info: javadoc for UnnecessaryStubbingException class.
	at org.mockito.junit.jupiter.MockitoExtension.afterEach(MockitoExtension.java:192)
	at java.base/java.util.ArrayList.forEach(ArrayList.java:1596)
	at java.base/java.util.ArrayList.forEach(ArrayList.java:1596)

