-------------------------------------------------------------------------------
Test set: com.microlend.service.BorrowerServiceTest
-------------------------------------------------------------------------------
Tests run: 13, Failures: 0, Errors: 3, Skipped: 0, Time elapsed: 0.199 s <<< FAILURE! -- in com.microlend.service.BorrowerServiceTest
com.microlend.service.BorrowerServiceTest.create_nullNationalId_skipsDuplicateCheck -- Time elapsed: 0.007 s <<< ERROR!
java.lang.NullPointerException: Cannot invoke "com.microlend.repository.UserRepository.existsByEmail(String)" because "this.userRepository" is null
	at com.microlend.service.BorrowerService.create(BorrowerService.java:37)
	at com.microlend.service.BorrowerServiceTest.create_nullNationalId_skipsDuplicateCheck(BorrowerServiceTest.java:116)
	at java.base/java.lang.reflect.Method.invoke(Method.java:580)
	at java.base/java.util.ArrayList.forEach(ArrayList.java:1596)
	at java.base/java.util.ArrayList.forEach(ArrayList.java:1596)

com.microlend.service.BorrowerServiceTest.create_success -- Time elapsed: 0.003 s <<< ERROR!
java.lang.NullPointerException: Cannot invoke "com.microlend.repository.UserRepository.existsByEmail(String)" because "this.userRepository" is null
	at com.microlend.service.BorrowerService.create(BorrowerService.java:37)
	at com.microlend.service.BorrowerServiceTest.create_success(BorrowerServiceTest.java:72)
	at java.base/java.lang.reflect.Method.invoke(Method.java:580)
	at java.base/java.util.ArrayList.forEach(ArrayList.java:1596)
	at java.base/java.util.ArrayList.forEach(ArrayList.java:1596)

com.microlend.service.BorrowerServiceTest.create_defaultsToActiveStatus -- Time elapsed: 0.006 s <<< ERROR!
java.lang.NullPointerException: Cannot invoke "com.microlend.repository.UserRepository.existsByEmail(String)" because "this.userRepository" is null
	at com.microlend.service.BorrowerService.create(BorrowerService.java:37)
	at com.microlend.service.BorrowerServiceTest.create_defaultsToActiveStatus(BorrowerServiceTest.java:105)
	at java.base/java.lang.reflect.Method.invoke(Method.java:580)
	at java.base/java.util.ArrayList.forEach(ArrayList.java:1596)
	at java.base/java.util.ArrayList.forEach(ArrayList.java:1596)

