<?xml version="1.0" encoding="UTF-8"?>
<testsuite xmlns:xsi="http://www.w3.org/2001/XMLSchema-instance" xsi:noNamespaceSchemaLocation="https://maven.apache.org/surefire/maven-surefire-plugin/xsd/surefire-test-report-3.0.xsd" version="3.0" name="com.microlend.MicroLendApplicationTests" time="20.858" tests="1" errors="0" skipped="0" failures="0">
  <properties>
[...]
</properties>
  <testcase name="contextLoads" classname="com.microlend.MicroLendApplicationTests" time="2.348">
    <system-out><![CDATA[14:10:38.418 [main] INFO org.springframework.test.context.support.AnnotationConfigContextLoaderUtils -- Could not detect default configuration classes for test class [com.microlend.MicroLendApplicationTests]: MicroLendApplicationTests does not declare any static, non-private, non-final, nested classes annotated with @Configuration.
14:10:38.686 [main] INFO org.springframework.boot.test.context.SpringBootTestContextBootstrapper -- Found @SpringBootConfiguration com.microlend.MicroLendApplication for test class com.microlend.MicroLendApplicationTests

  .   ____          _            __ _ _
 /\\ / ___'_ __ _ _(_)_ __  __ _ \ \ \ \
( ( )\___ | '_ | '_| | '_ \/ _` | \ \ \ \
 \\/  ___)| |_)| | | | | || (_| |  ) ) ) )
  '  |____| .__|_| |_|_| |_\__, | / / / /
 =========|_|==============|___/=/_/_/_/
 :: Spring Boot ::                (v3.2.0)

2026-06-14T14:10:39.764+05:30  INFO 35728 --- [MicroLend] [           main] c.microlend.MicroLendApplicationTests    : Starting MicroLendApplicationTests using Java 21.0.2 with PID 35728 (started by 2503700 in C:\Users\2503700\OneDrive - Cognizant\Documents\microlend\backend)
2026-06-14T14:10:39.766+05:30 DEBUG 35728 --- [MicroLend] [           main] c.microlend.MicroLendApplicationTests    : Running with Spring Boot v3.2.0, Spring v6.1.1
2026-06-14T14:10:39.767+05:30  INFO 35728 --- [MicroLend] [           main] c.microlend.MicroLendApplicationTests    : No active profile set, falling back to 1 default profile: "default"
2026-06-14T14:10:42.683+05:30  INFO 35728 --- [MicroLend] [           main] .s.d.r.c.RepositoryConfigurationDelegate : Bootstrapping Spring Data JPA repositories in DEFAULT mode.
2026-06-14T14:10:43.135+05:30  INFO 35728 --- [MicroLend] [           main] .s.d.r.c.RepositoryConfigurationDelegate : Finished Spring Data repository scanning in 421 ms. Found 17 JPA repository interfaces.
2026-06-14T14:10:44.678+05:30  INFO 35728 --- [MicroLend] [           main] o.hibernate.jpa.internal.util.LogHelper  : HHH000204: Processing PersistenceUnitInfo [name: default]
2026-06-14T14:10:44.831+05:30  INFO 35728 --- [MicroLend] [           main] org.hibernate.Version                    : HHH000412: Hibernate ORM core version 6.3.1.Final
2026-06-14T14:10:44.961+05:30  INFO 35728 --- [MicroLend] [           main] o.h.c.internal.RegionFactoryInitiator    : HHH000026: Second-level cache disabled
2026-06-14T14:10:45.817+05:30  INFO 35728 --- [MicroLend] [           main] o.s.o.j.p.SpringPersistenceUnitInfo      : No LoadTimeWeaver setup: ignoring JPA class transformer
2026-06-14T14:10:45.895+05:30  INFO 35728 --- [MicroLend] [           main] com.zaxxer.hikari.HikariDataSource       : HikariPool-1 - Starting...
2026-06-14T14:10:46.499+05:30  INFO 35728 --- [MicroLend] [           main] com.zaxxer.hikari.pool.HikariPool        : HikariPool-1 - Added connection conn0: url=jdbc:h2:mem:testdb user=SA
2026-06-14T14:10:46.507+05:30  INFO 35728 --- [MicroLend] [           main] com.zaxxer.hikari.HikariDataSource       : HikariPool-1 - Start completed.
2026-06-14T14:10:46.641+05:30  WARN 35728 --- [MicroLend] [           main] org.hibernate.orm.deprecation            : HHH90000025: H2Dialect does not need to be specified explicitly using 'hibernate.dialect' (remove the property setting and it will be selected by default)
2026-06-14T14:10:49.221+05:30  INFO 35728 --- [MicroLend] [           main] o.h.e.t.j.p.i.JtaPlatformInitiator       : HHH000489: No JTA platform available (set 'hibernate.transaction.jta.platform' to enable JTA platform integration)
Hibernate: 
    drop table if exists audit_logs cascade 
Hibernate: 
    drop table if exists borrower_groups cascade 
Hibernate: 
    drop table if exists borrower_kyc cascade 
Hibernate: 
    drop table if exists borrowers cascade 
Hibernate: 
    drop table if exists centre_meetings cascade 
Hibernate: 
    drop table if exists centres cascade 
Hibernate: 
    drop table if exists collection_records cascade 
Hibernate: 
    drop table if exists credit_assessments cascade 
Hibernate: 
    drop table if exists delinquency_cases cascade 
Hibernate: 
    drop table if exists loan_accounts cascade 
Hibernate: 
    drop table if exists loan_applications cascade 
Hibernate: 
    drop table if exists loan_products cascade 
Hibernate: 
    drop table if exists notifications cascade 
Hibernate: 
    drop table if exists portfolio_reports cascade 
Hibernate: 
    drop table if exists repayment_schedules cascade 
Hibernate: 
    drop table if exists sanction_letters cascade 
Hibernate: 
    drop table if exists users cascade 
Hibernate: 
    create table audit_logs (
        auditid bigint generated by default as identity,
        timestamp timestamp(6),
        userid bigint,
        action varchar(255),
        module varchar(255),
        primary key (auditid)
    )
Hibernate: 
    create table borrower_groups (
        formation_date date,
        joint_liability_enabled boolean,
        member_count integer,
        centreid bigint,
        field_officerid bigint,
        groupid bigint generated by default as identity,
        group_name varchar(255) not null,
        status varchar(255) check (status in ('ACTIVE','DISSOLVED','SUSPENDED')),
        primary key (groupid)
    )
Hibernate: 
    create table borrower_kyc (
        verification_date date,
        borrowerid bigint not null,
        kycid bigint generated by default as identity,
        verified_byid bigint,
        document_ref varchar(255),
        document_type varchar(255) check (document_type in ('NATIONAL_ID','VOTER_ID','PASSPORT','UTILITY_BILL')),
        status varchar(255) check (status in ('PENDING','VERIFIED','REJECTED','EXPIRED')),
        primary key (kycid)
    )
Hibernate: 
    create table borrowers (
        date_of_birth date,
        monthly_income numeric(38,2),
        borrowerid bigint generated by default as identity,
        user_id bigint unique,
        bank_account_number varchar(255),
        district varchar(255),
        email varchar(255) unique,
        gender varchar(255),
        name varchar(255) not null,
        nationalidnumber varchar(255) unique,
        occupation varchar(255),
        phone varchar(255),
        status varchar(255) check (status in ('ACTIVE','BLACKLISTED','DECEASED')),
        village varchar(255),
        primary key (borrowerid)
    )
Hibernate: 
    create table centre_meetings (
        attendance_count integer,
        collection_amount numeric(38,2),
        meeting_date date,
        centreid bigint not null,
        conducted_byid bigint,
        meetingid bigint generated by default as identity,
        status varchar(255) check (status in ('SCHEDULED','CONDUCTED','MISSED','POSTPONED')),
        primary key (meetingid)
    )
Hibernate: 
    create table centres (
        meeting_time time(6),
        branchid bigint,
        centreid bigint generated by default as identity,
        field_officerid bigint,
        centre_name varchar(255) not null,
        meeting_day varchar(255) check (meeting_day in ('MONDAY','TUESDAY','WEDNESDAY','THURSDAY','FRIDAY','SATURDAY')),
        status varchar(255) check (status in ('ACTIVE','INACTIVE')),
        village varchar(255),
        primary key (centreid)
    )
Hibernate: 
    create table collection_records (
        collected_amount numeric(38,2),
        collection_date date,
        collected_byid bigint,
        collectionid bigint generated by default as identity,
        loan_accountid bigint not null,
        scheduleid bigint,
        mode varchar(255) check (mode in ('CASH','BANK_TRANSFER','CENTRE_COLLECTION')),
        status varchar(255) check (status in ('RECEIVED','PARTIAL','EXCESS')),
        primary key (collectionid)
    )
Hibernate: 
    create table credit_assessments (
        assessment_date date,
        debt_burden_ratio numeric(38,2),
        internal_credit_score integer,
        assessed_byid bigint,
        assessmentid bigint generated by default as identity,
        borrowerid bigint not null,
        remarks varchar(1000),
        recommendation varchar(255) check (recommendation in ('ELIGIBLE','NOT_ELIGIBLE','CONDITIONAL')),
        primary key (assessmentid)
    )
Hibernate: 
    create table delinquency_cases (
        dpd integer,
        opened_date date,
        assigned_collections_officerid bigint,
        delinquencyid bigint generated by default as identity,
        loan_accountid bigint not null,
        action varchar(255) check (action in ('FIELD_VISIT','LEGAL_NOTICE','RESTRUCTURING','WRITE_OFF')),
        par_bucket varchar(255) check (par_bucket in ('PAR30','PAR60','PAR90','PAR180')),
        status varchar(255) check (status in ('OPEN','IN_PROGRESS','RESOLVED','WRITTEN_OFF')),
        primary key (delinquencyid)
    )
Hibernate: 
    create table loan_accounts (
        disbursed_amount numeric(38,2),
        disbursement_date date,
        dpd integer,
        outstanding_principal numeric(38,2),
        total_interest numeric(38,2),
        total_repayable numeric(38,2),
        applicationid bigint,
        borrowerid bigint,
        loan_accountid bigint generated by default as identity,
        productid bigint,
        status varchar(255) check (status in ('ACTIVE','CLOSED','NPA','WRITTEN_OFF')),
        primary key (loan_accountid)
    )
Hibernate: 
    create table loan_applications (
        application_date date,
        requested_amount numeric(38,2),
        applicationid bigint generated by default as identity,
        borrowerid bigint not null,
        credit_officerid bigint,
        groupid bigint,
        loan_productid bigint not null,
        purpose varchar(255),
        status varchar(255) check (status in ('DRAFT','SUBMITTED','UNDER_REVIEW','APPROVED','REJECTED','DISBURSED')),
        primary key (applicationid)
    )
Hibernate: 
    create table loan_products (
        interest_rate_percent numeric(38,2),
        max_amount numeric(38,2),
        min_amount numeric(38,2),
        processing_fee_percent numeric(38,2),
        tenure_months integer,
        productid bigint generated by default as identity,
        category varchar(255) check (category in ('INDIVIDUAL','GROUP_LENDING','MSME','AGRICULTURAL')),
        interest_type varchar(255) check (interest_type in ('FLAT','REDUCING')),
        product_name varchar(255) not null,
        status varchar(255) check (status in ('ACTIVE','DISCONTINUED')),
        primary key (productid)
    )
Hibernate: 
    create table notifications (
        created_date timestamp(6),
        notificationid bigint generated by default as identity,
        userid bigint not null,
        message varchar(500),
        category varchar(255) check (category in ('REPAYMENT','DISBURSEMENT','MEETING','DELINQUENCY','COMPLIANCE')),
        status varchar(255) check (status in ('UNREAD','READ','DISMISSED')),
        primary key (notificationid)
    )
Hibernate: 
    create table portfolio_reports (
        active_loan_count integer,
        collection_rate numeric(38,2),
        disbursement_value numeric(38,2),
        generated_date date,
        npa_percent numeric(38,2),
        par30 numeric(38,2),
        par90 numeric(38,2),
        total_outstanding numeric(38,2),
        reportid bigint generated by default as identity,
        scope_refid bigint,
        scope varchar(255) check (scope in ('BRANCH','PRODUCT','FIELD_OFFICER','PERIOD')),
        primary key (reportid)
    )
Hibernate: 
    create table repayment_schedules (
        amount_paid numeric(38,2),
        due_date date,
        installment_number integer,
        interest_due numeric(38,2),
        paid_date date,
        principal_due numeric(38,2),
        total_due numeric(38,2),
        loan_accountid bigint not null,
        scheduleid bigint generated by default as identity,
        status varchar(255) check (status in ('PENDING','PARTIAL','PAID','OVERDUE','WAIVED')),
        primary key (scheduleid)
    )
Hibernate: 
    create table sanction_letters (
        accepted_by_borrower boolean,
        emi_amount numeric(38,2),
        interest_rate numeric(38,2),
        issued_date date,
        sanctioned_amount numeric(38,2),
        tenure integer,
        applicationid bigint not null unique,
        sanctionid bigint generated by default as identity,
        disbursal_conditions varchar(1000),
        status varchar(255) check (status in ('ISSUED','ACCEPTED','LAPSED')),
        primary key (sanctionid)
    )
Hibernate: 
    create table users (
        branchid bigint,
        userid bigint generated by default as identity,
        email varchar(255) not null unique,
        name varchar(255) not null,
        password varchar(255) not null,
        phone varchar(255),
        role varchar(255) not null check (role in ('BORROWER','FIELD_OFFICER','CREDIT_OFFICER','BRANCH_MANAGER','COLLECTIONS_OFFICER','ADMIN')),
        status varchar(255) check (status in ('ACTIVE','INACTIVE','SUSPENDED')),
        primary key (userid)
    )
Hibernate: 
    alter table if exists borrowers 
       add constraint FKiejj9gosdsn5ywqi1x7bev8du 
       foreign key (user_id) 
       references users
2026-06-14T14:10:49.573+05:30  INFO 35728 --- [MicroLend] [           main] j.LocalContainerEntityManagerFactoryBean : Initialized JPA EntityManagerFactory for persistence unit 'default'
2026-06-14T14:10:51.689+05:30  INFO 35728 --- [MicroLend] [           main] o.s.d.j.r.query.QueryEnhancerFactory     : Hibernate is in classpath; If applicable, HQL parser will be used.
2026-06-14T14:10:53.462+05:30  WARN 35728 --- [MicroLend] [           main] JpaBaseConfiguration$JpaWebConfiguration : spring.jpa.open-in-view is enabled by default. Therefore, database queries may be performed during view rendering. Explicitly configure spring.jpa.open-in-view to disable this warning
2026-06-14T14:10:54.564+05:30  INFO 35728 --- [MicroLend] [           main] o.s.s.web.DefaultSecurityFilterChain     : Will secure any request with [org.springframework.security.web.session.DisableEncodeUrlFilter@533d28aa, org.springframework.security.web.context.request.async.WebAsyncManagerIntegrationFilter@6bbd645, org.springframework.security.web.context.SecurityContextHolderFilter@6d95b51d, org.springframework.security.web.header.HeaderWriterFilter@64b6d6dd, org.springframework.web.filter.CorsFilter@4c97e3d5, org.springframework.security.web.authentication.logout.LogoutFilter@545bc8e1, com.microlend.security.JwtAuthFilter@5be8a92c, org.springframework.security.web.savedrequest.RequestCacheAwareFilter@60b721c9, org.springframework.security.web.servletapi.SecurityContextHolderAwareRequestFilter@4f2ab774, org.springframework.security.web.authentication.AnonymousAuthenticationFilter@672c6b93, org.springframework.security.web.session.SessionManagementFilter@409a164d, org.springframework.security.web.access.ExceptionTranslationFilter@3744c760, org.springframework.security.web.access.intercept.AuthorizationFilter@72a4f3f]
2026-06-14T14:10:55.813+05:30  INFO 35728 --- [MicroLend] [           main] c.microlend.MicroLendApplicationTests    : Started MicroLendApplicationTests in 16.646 seconds (process running for 19.527)
Hibernate: 
    select
        u1_0.userid 
    from
        users u1_0 
    where
        u1_0.email=? 
    fetch
        first ? rows only
Hibernate: 
    insert 
    into
        users
        (branchid, email, name, password, phone, role, status, userid) 
    values
        (?, ?, ?, ?, ?, ?, ?, default)
2026-06-14T14:10:56.336+05:30  INFO 35728 --- [MicroLend] [           main] com.microlend.config.DataSeeder          : Seeded user: admin@microlend.com (ADMIN)
2026-06-14T14:10:56.337+05:30  INFO 35728 --- [MicroLend] [           main] com.microlend.config.DataSeeder          : ========================================
2026-06-14T14:10:56.337+05:30  INFO 35728 --- [MicroLend] [           main] com.microlend.config.DataSeeder          :   MicroLend Default Users Seeded
2026-06-14T14:10:56.337+05:30  INFO 35728 --- [MicroLend] [           main] com.microlend.config.DataSeeder          :   Admin:       admin@microlend.com / admin123
2026-06-14T14:10:56.338+05:30  INFO 35728 --- [MicroLend] [           main] com.microlend.config.DataSeeder          : ========================================
]]></system-out>
    <system-err><![CDATA[WARNING: A Java agent has been loaded dynamically (C:\Users\2503700\.m2\repository\net\bytebuddy\byte-buddy-agent\1.14.10\byte-buddy-agent-1.14.10.jar)
WARNING: If a serviceability tool is in use, please run with -XX:+EnableDynamicAgentLoading to hide this warning
WARNING: If a serviceability tool is not in use, please run with -Djdk.instrument.traceUsage for more information
WARNING: Dynamic loading of agents will be disallowed by default in a future release
]]></system-err>
  </testcase>
</testsuite>